android/app/build/outputs/mapping/release/seeds.txt
androidx.window.R$styleable: int SplitPairRule_splitMinSmallestWidth
androidx.window.R$attr: int secondaryActivityAction
androidx.window.layout.FoldingFeature$OcclusionType: java.lang.String description
androidx.window.layout.WindowMetricsCalculatorCompat: java.lang.String TAG
androidx.window.layout.WindowInfoTrackerImpl$windowLayoutInfo$1: java.lang.Object L$0
androidx.window.layout.WindowInfoTracker$Companion: androidx.window.layout.WindowInfoTracker$Companion $$INSTANCE
androidx.window.embedding.ExtensionEmbeddingBackend: androidx.window.embedding.EmbeddingInterfaceCompat embeddingExtension
kotlinx.coroutines.JobSupport$Finishing: int _isCompleting
kotlinx.coroutines.scheduling.WorkQueue: int consumerIndex
androidx.window.layout.SidecarWindowBackend: java.util.concurrent.CopyOnWriteArrayList windowLayoutChangeCallbacks
androidx.window.embedding.ExtensionEmbeddingBackend$SplitListenerWrapper: androidx.core.util.Consumer callback
androidx.window.layout.SidecarCompat$FirstAttachAdapter: java.lang.ref.WeakReference activityWeakReference
androidx.window.layout.ActivityCompatHelperApi24: androidx.window.layout.ActivityCompatHelperApi24 INSTANCE
androidx.window.layout.WindowInfoTrackerImpl$windowLayoutInfo$1: int label
androidx.window.layout.SidecarWindowBackend$WindowLayoutChangeCallbackWrapper: androidx.core.util.Consumer callback
androidx.window.R$styleable: int SplitPlaceholderRule_splitRatio
androidx.window.R$attr: int alwaysExpand
kotlin.coroutines.jvm.internal.ContinuationImpl: kotlin.coroutines.CoroutineContext _context
androidx.window.embedding.SplitRule: int minWidth
io.flutter.view.AccessibilityViewEmbedder: java.lang.String TAG
kotlin.coroutines.jvm.internal.SuspendLambda: int arity
kotlinx.coroutines.JobSupport: java.lang.Object _parentHandle
androidx.window.R$attr: int finishSecondaryWithPrimary
androidx.window.layout.WindowInfoTracker$Companion: java.lang.String TAG
androidx.window.layout.ExtensionWindowLayoutInfoBackend: java.util.concurrent.locks.ReentrantLock extensionWindowBackendLock
kotlinx.coroutines.JobSupport$Finishing: java.lang.Object _exceptionsHolder
io.flutter.embedding.engine.FlutterJNI: java.lang.String TAG
androidx.window.layout.HardwareFoldingFeature$Type: androidx.window.layout.HardwareFoldingFeature$Type FOLD
androidx.window.layout.WindowMetricsCalculator$Companion: kotlin.jvm.functions.Function1 decorator
io.flutter.plugin.platform.SingleViewPresentation: boolean startFocused
androidx.window.layout.SidecarCompat$DistinctSidecarElementCallback: androidx.window.sidecar.SidecarInterface$SidecarCallback callbackInterface
androidx.window.R$styleable: int SplitPairFilter_secondaryActivityName
androidx.window.layout.DisplayCompatHelperApi17: androidx.window.layout.DisplayCompatHelperApi17 INSTANCE
androidx.window.R$styleable: int SplitPlaceholderRule_placeholderActivityName
io.flutter.view.AccessibilityViewEmbedder: int nextFlutterId
io.flutter.view.FlutterCallbackInformation: java.lang.String callbackLibraryPath
io.flutter.plugin.platform.SingleViewPresentation: java.lang.String TAG
io.flutter.embedding.engine.renderer.FlutterRenderer$ImageTextureRegistryEntry: android.media.Image image
androidx.window.java.layout.WindowInfoTrackerCallbackAdapter: java.util.concurrent.locks.ReentrantLock lock
kotlinx.coroutines.DispatchedCoroutine: int _decision
kotlinx.coroutines.EventLoopImplBase: java.lang.Object _queue
kotlinx.coroutines.scheduling.WorkQueue: int blockingTasksInBuffer
androidx.concurrent.futures.AbstractResolvableFuture$Waiter: java.lang.Thread thread
androidx.concurrent.futures.AbstractResolvableFuture: androidx.concurrent.futures.AbstractResolvableFuture$Listener listeners
androidx.window.java.layout.WindowInfoTrackerCallbackAdapter: java.util.Map consumerToJobMap
kotlinx.coroutines.channels.ArrayChannel: int size
androidx.window.embedding.SplitInfo: androidx.window.embedding.ActivityStack secondaryActivityStack
androidx.window.layout.FoldingFeature$State: java.lang.String description