android/app/build/outputs/mapping/release/mapping.txt
# compiler: R8
# compiler_version: 3.3.70
# min_api: 21
# common_typos_disable
# {"id":"com.android.tools.r8.mapping","version":"2.0"}
# pg_map_id: 4738079
# pg_map_hash: SHA-256 4738079099d6a11d9948e3f660b5e08612e49243e9eade42a5069b72a89dffe9
...
kotlin.TuplesKt -> n.n:
    kotlin.Pair to(java.lang.Object,java.lang.Object) -> a
kotlin.UNINITIALIZED_VALUE -> n.o:
    kotlin.UNINITIALIZED_VALUE INSTANCE -> a
kotlin.UninitializedPropertyAccessException -> n.p:
kotlin.Unit -> n.q:
    kotlin.Unit INSTANCE -> a
kotlin.collections.ArraysKt -> o.a:
    java.util.List asList(java.lang.Object[]) -> a
      # {"id":"com.android.tools.r8.synthesized"}
    java.lang.Object[] copyInto$default(java.lang.Object[],java.lang.Object[],int,int,int,int,java.lang.Object) -> c
      # {"id":"com.android.tools.r8.synthesized"}
    void fill(java.lang.Object[],java.lang.Object,int,int) -> d
      # {"id":"com.android.tools.r8.synthesized"}
    void fill$default(java.lang.Object[],java.lang.Object,int,int,int,java.lang.Object) -> e
      # {"id":"com.android.tools.r8.synthesized"}
    char single(char[]) -> f
      # {"id":"com.android.tools.r8.synthesized"}
    java.lang.Object singleOrNull(java.lang.Object[]) -> g
      # {"id":"com.android.tools.r8.synthesized"}
kotlin.collections.ArraysKt__ArraysJVMKt -> o.b:
kotlin.collections.ArraysKt__ArraysKt -> o.c:
kotlin.collections.ArraysKt___ArraysJvmKt -> o.d:
    java.util.List asList(java.lang.Object[]) -> a
    java.lang.Object[] copyInto(java.lang.Object[],java.lang.Object[],int,int,int) -> b
    java.lang.Object[] copyInto$default(java.lang.Object[],java.lang.Object[],int,int,int,int,java.lang.Object) -> c
    void fill(java.lang.Object[],java.lang.Object,int,int) -> d
    void fill$default(java.lang.Object[],java.lang.Object,int,int,int,java.lang.Object) -> e
kotlin.collections.ArraysKt___ArraysKt -> o.e:
    char single(char[]) -> f
    java.lang.Object singleOrNull(java.lang.Object[]) -> g
kotlin.collections.ArraysUtilJVM -> o.f:
    java.util.List asList(java.lang.Object[]) -> a
kotlin.collections.CollectionsKt -> o.g:
    java.util.List emptyList() -> b
      # {"id":"com.android.tools.r8.synthesized"}
    int getLastIndex(java.util.List) -> c
      # {"id":"com.android.tools.r8.synthesized"}
    java.util.List listOf(java.lang.Object[]) -> d
      # {"id":"com.android.tools.r8.synthesized"}
    java.util.List optimizeReadOnlyList(java.util.List) -> e
      # {"id":"com.android.tools.r8.synthesized"}
    void throwIndexOverflow() -> f
      # {"id":"com.android.tools.r8.synthesized"}
    int collectionSizeOrDefault(java.lang.Iterable,int) -> g
      # {"id":"com.android.tools.r8.synthesized"}
    boolean addAll(java.util.Collection,java.lang.Iterable) -> h
      # {"id":"com.android.tools.r8.synthesized"}
    java.lang.Appendable joinTo$default(java.lang.Iterable,java.lang.Appendable,java.lang.CharSequence,java.lang.CharSequence,java.lang.CharSequence,int,java.lang.CharSequence,kotlin.jvm.functions.Function1,int,java.lang.Object) -> j
      # {"id":"com.android.tools.r8.synthesized"}
    java.lang.String joinToString$default(java.lang.Iterable,java.lang.CharSequence,java.lang.CharSequence,java.lang.CharSequence,int,java.lang.CharSequence,kotlin.jvm.functions.Function1,int,java.lang.Object) -> l
      # {"id":"com.android.tools.r8.synthesized"}
    java.lang.Comparable minOrNull(java.lang.Iterable) -> m
      # {"id":"com.android.tools.r8.synthesized"}
    java.lang.Object single(java.lang.Iterable) -> n
kotlin.collections.CollectionsKt__CollectionsJVMKt -> o.h:
    java.util.List listOf(java.lang.Object) -> a
kotlin.collections.CollectionsKt__CollectionsKt -> o.i:
    java.util.List emptyList() -> b
    int getLastIndex(java.util.List) -> c
    java.util.List listOf(java.lang.Object[]) -> d
    java.util.List optimizeReadOnlyList(java.util.List) -> e
    void throwIndexOverflow() -> f
kotlin.collections.CollectionsKt__IterablesKt -> o.j:
    int collectionSizeOrDefault(java.lang.Iterable,int) -> g
kotlin.collections.CollectionsKt__IteratorsJVMKt -> o.k:
kotlin.collections.CollectionsKt__IteratorsKt -> o.l:
kotlin.collections.CollectionsKt__MutableCollectionsJVMKt -> o.m: