android/app/build/outputs/mapping/release/usage.txt
com.example.shopiv.BuildConfig
com.example.shopiv.R$attr
com.example.shopiv.R$color
com.example.shopiv.R$dimen
com.example.shopiv.R$drawable
com.example.shopiv.R$id
com.example.shopiv.R$integer
com.example.shopiv.R$layout
com.example.shopiv.R$mipmap
com.example.shopiv.R$string
com.example.shopiv.R$style
com.example.shopiv.R$styleable
com.example.shopiv.R$xml
com.example.shopiv.R
...
androidx.core.app.LocaleManagerCompat$Api21Impl
androidx.core.app.LocaleManagerCompat$Api24Impl
androidx.core.app.LocaleManagerCompat$Api33Impl
androidx.core.app.LocaleManagerCompat
androidx.core.app.MultiWindowModeChangedInfo
androidx.core.app.NavUtils$Api16Impl
androidx.core.app.NavUtils
androidx.core.app.NotificationBuilderWithBuilderAccessor
androidx.core.app.NotificationChannelCompat$Api26Impl
androidx.core.app.NotificationChannelCompat$Api29Impl
androidx.core.app.NotificationChannelCompat$Api30Impl
androidx.core.app.NotificationChannelCompat$Builder
androidx.core.app.NotificationChannelCompat
androidx.core.app.NotificationChannelGroupCompat$Api26Impl
androidx.core.app.NotificationChannelGroupCompat$Api28Impl
androidx.core.app.NotificationChannelGroupCompat$Builder
androidx.core.app.NotificationChannelGroupCompat
androidx.core.app.NotificationCompat$1
androidx.core.app.NotificationCompat$Action$Builder$Api20Impl
androidx.core.app.NotificationCompat$Action$Builder$Api23Impl
androidx.core.app.NotificationCompat$Action$Builder$Api24Impl
androidx.core.app.NotificationCompat$Action$Builder$Api28Impl
androidx.core.app.NotificationCompat$Action$Builder$Api29Impl
androidx.core.app.NotificationCompat$Action$Builder$Api31Impl
androidx.core.app.NotificationCompat$Action$Builder
androidx.core.app.NotificationCompat$Action$Extender
androidx.core.app.NotificationCompat$Action$SemanticAction
androidx.core.app.NotificationCompat$Action$WearableExtender
androidx.core.app.NotificationCompat$Action
androidx.core.app.NotificationCompat$Api20Impl
androidx.core.app.NotificationCompat$Api23Impl
androidx.core.app.NotificationCompat$Api24Impl
androidx.core.app.NotificationCompat$Api26Impl
androidx.core.app.NotificationCompat$Api28Impl
androidx.core.app.NotificationCompat$Api29Impl
androidx.core.app.NotificationCompat$Api31Impl
androidx.core.app.NotificationCompat$BadgeIconType
androidx.core.app.NotificationCompat$BigPictureStyle$Api16Impl
androidx.core.app.NotificationCompat$BigPictureStyle$Api23Impl
androidx.core.app.NotificationCompat$BigPictureStyle$Api31Impl
androidx.core.app.NotificationCompat$BigPictureStyle
androidx.core.app.NotificationCompat$BigTextStyle$Api16Impl
androidx.core.app.NotificationCompat$BigTextStyle
androidx.core.app.NotificationCompat$BubbleMetadata$Api29Impl
androidx.core.app.NotificationCompat$BubbleMetadata$Api30Impl
androidx.core.app.NotificationCompat$BubbleMetadata$Builder
androidx.core.app.NotificationCompat$BubbleMetadata
androidx.core.app.NotificationCompat$Builder$Api21Impl
androidx.core.app.NotificationCompat$Builder$Api23Impl
androidx.core.app.NotificationCompat$Builder$Api24Impl
androidx.core.app.NotificationCompat$Builder
androidx.core.app.NotificationCompat$CallStyle$Api16Impl
androidx.core.app.NotificationCompat$CallStyle$Api20Impl
androidx.core.app.NotificationCompat$CallStyle$Api21Impl
androidx.core.app.NotificationCompat$CallStyle$Api23Impl
androidx.core.app.NotificationCompat$CallStyle$Api24Impl
androidx.core.app.NotificationCompat$CallStyle$Api28Impl
androidx.core.app.NotificationCompat$CallStyle$Api31Impl
androidx.core.app.NotificationCompat$CallStyle$CallType
androidx.core.app.NotificationCompat$CallStyle
androidx.core.app.NotificationCompat$CarExtender$Api20Impl
androidx.core.app.NotificationCompat$CarExtender$Api29Impl
androidx.core.app.NotificationCompat$CarExtender$UnreadConversation$Builder
androidx.core.app.NotificationCompat$CarExtender$UnreadConversation
androidx.core.app.NotificationCompat$CarExtender
androidx.core.app.NotificationCompat$DecoratedCustomViewStyle$Api15Impl
androidx.core.app.NotificationCompat$DecoratedCustomViewStyle$Api16Impl
androidx.core.app.NotificationCompat$DecoratedCustomViewStyle$Api24Impl
androidx.core.app.NotificationCompat$DecoratedCustomViewStyle
androidx.core.app.NotificationCompat$Extender
androidx.core.app.NotificationCompat$GroupAlertBehavior
androidx.core.app.NotificationCompat$InboxStyle$Api16Impl
androidx.core.app.NotificationCompat$InboxStyle